#
# There is insufficient memory for the Java Runtime Environment to continue.
# Native memory allocation (malloc) failed to allocate 1048576 bytes for AllocateHeap
# Possible reasons:
#   The system is out of physical RAM or swap space
#   In 32 bit mode, the process size limit was hit
# Possible solutions:
#   Reduce memory load on the system
#   Increase physical memory or swap space
#   Check if swap backing store is full
#   Use 64 bit Java on a 64 bit OS
#   Decrease Java heap size (-Xmx/-Xms)
#   Decrease number of Java threads
#   Decrease Java thread stack sizes (-Xss)
#   Set larger code cache with -XX:ReservedCodeCacheSize=
# This output file may be truncated or incomplete.
#
#  Out of Memory Error (memory/allocation.inline.hpp:61), pid=2872, tid=0x0000000000001474
#
# JRE version:  (8.0) (build )
# Java VM: OpenJDK 64-Bit Server VM (25.71-b00 mixed mode windows-amd64 compressed oops)
# Failed to write core dump. Minidumps are not enabled by default on client versions of Windows
#

---------------  T H R E A D  ---------------

Current thread (0x00000000024b3000):  JavaThread "Unknown thread" [_thread_in_vm, id=5236, stack(0x0000000002330000,0x0000000002430000)]

Stack: [0x0000000002330000,0x0000000002430000]
[error occurred during error reporting (printing stack bounds), id 0xc0000005]

Native frames: (J=compiled Java code, j=interpreted, Vv=VM code, C=native code)


---------------  P R O C E S S  ---------------

Java Threads: ( => current thread )

Other Threads:

=>0x00000000024b3000 (exited) JavaThread "Unknown thread" [_thread_in_vm, id=5236, stack(0x0000000002330000,0x0000000002430000)]

VM state:not at safepoint (normal execution)

VM Mutex/Monitor currently owned by a thread: None

Heap:
 PSYoungGen      total 35840K, used 614K [0x00000000d8000000, 0x00000000da800000, 0x0000000100000000)
  eden space 30720K, 2% used [0x00000000d8000000,0x00000000d80999a8,0x00000000d9e00000)
  from space 5120K, 0% used [0x00000000da300000,0x00000000da300000,0x00000000da800000)
  to   space 5120K, 0% used [0x00000000d9e00000,0x00000000d9e00000,0x00000000da300000)
 ParOldGen       total 81920K, used 0K [0x0000000088000000, 0x000000008d000000, 0x00000000d8000000)
  object space 81920K, 0% used [0x0000000088000000,0x0000000088000000,0x000000008d000000)
 Metaspace       used 777K, capacity 4480K, committed 4480K, reserved 1056768K
  class space    used 74K, capacity 384K, committed 384K, reserved 1048576K

Card table byte_map: [0x0000000011970000,0x0000000011d40000] byte_map_base: 0x0000000011530000

Marking Bits: (ParMarkBitMap*) 0x000000007274be50
 Begin Bits: [0x00000000125c0000, 0x00000000143c0000)
 End Bits:   [0x00000000143c0000, 0x00000000161c0000)

Polling page: 0x0000000000aa0000

CodeCache: size=245760Kb used=327Kb max_used=327Kb free=245432Kb
 bounds [0x00000000025b0000, 0x0000000002820000, 0x00000000115b0000]
 total_blobs=56 nmethods=0 adapters=38
 compilation: enabled

Compilation events (0 events):
No events

GC Heap History (0 events):
No events

Deoptimization events (0 events):
No events

Classes redefined (0 events):
No events

Internal exceptions (0 events):
No events

Events (10 events):
Event: 0.033 loading class java/lang/Short
Event: 0.033 loading class java/lang/Short done
Event: 0.033 loading class java/lang/Integer
Event: 0.033 loading class java/lang/Integer done
Event: 0.033 loading class java/lang/Long
Event: 0.033 loading class java/lang/Long done
Event: 0.034 loading class java/lang/NullPointerException
Event: 0.034 loading class java/lang/NullPointerException done
Event: 0.034 loading class java/lang/ArithmeticException
Event: 0.034 loading class java/lang/ArithmeticException done


Dynamic libraries:
0x00007ff79f5d0000 - 0x00007ff79f605000 	C:\Program Files\Unity\Editor\Data\PlaybackEngines\AndroidPlayer\Tools\OpenJDK\Windows\bin\java.exe
0x00007ffcfe090000 - 0x00007ffcfe260000 	C:\Windows\SYSTEM32\ntdll.dll
0x00007ffcfb620000 - 0x00007ffcfb6cc000 	C:\Windows\System32\KERNEL32.DLL
0x00007ffcfb2e0000 - 0x00007ffcfb4fd000 	C:\Windows\System32\KERNELBASE.dll
0x00007ffcfdf80000 - 0x00007ffcfe022000 	C:\Windows\System32\ADVAPI32.dll
0x00007ffcfc260000 - 0x00007ffcfc2fe000 	C:\Windows\System32\msvcrt.dll
0x00007ffcfc200000 - 0x00007ffcfc259000 	C:\Windows\System32\sechost.dll
0x00007ffcfb6d0000 - 0x00007ffcfb7f1000 	C:\Windows\System32\RPCRT4.dll
0x00007ffcfc020000 - 0x00007ffcfc185000 	C:\Windows\System32\USER32.dll
0x00007ffcfaef0000 - 0x00007ffcfaf0e000 	C:\Windows\System32\win32u.dll
0x00007ffcfbcd0000 - 0x00007ffcfbd04000 	C:\Windows\System32\GDI32.dll
0x00007ffcfa580000 - 0x00007ffcfa701000 	C:\Windows\System32\gdi32full.dll
0x00007ffcea9f0000 - 0x00007ffceac6a000 	C:\Windows\WinSxS\amd64_microsoft.windows.common-controls_6595b64144ccf1df_6.0.14393.2848_none_7ddecd5e83436d8c\COMCTL32.dll
0x00007ffcfc300000 - 0x00007ffcfc5c5000 	C:\Windows\System32\combase.dll
0x00007ffcfb1e0000 - 0x00007ffcfb2d4000 	C:\Windows\System32\ucrtbase.dll
0x00007ffcfb5b0000 - 0x00007ffcfb61a000 	C:\Windows\System32\bcryptPrimitives.dll
0x00007ffcfbf80000 - 0x00007ffcfbfae000 	C:\Windows\System32\IMM32.DLL
0x0000000075ab0000 - 0x0000000075b82000 	C:\Program Files\Unity\Editor\Data\PlaybackEngines\AndroidPlayer\Tools\OpenJDK\Windows\jre\bin\msvcr100.dll
0x0000000071f80000 - 0x00000000727c9000 	C:\Program Files\Unity\Editor\Data\PlaybackEngines\AndroidPlayer\Tools\OpenJDK\Windows\jre\bin\server\jvm.dll
0x00007ffcfb800000 - 0x00007ffcfb808000 	C:\Windows\System32\PSAPI.DLL
0x00007ffcf6a10000 - 0x00007ffcf6a1a000 	C:\Windows\SYSTEM32\VERSION.dll
0x00007ffcef3e0000 - 0x00007ffcef3e9000 	C:\Windows\SYSTEM32\WSOCK32.dll
0x00007ffcf8a80000 - 0x00007ffcf8aa3000 	C:\Windows\SYSTEM32\WINMM.dll
0x00007ffcfc190000 - 0x00007ffcfc1fa000 	C:\Windows\System32\WS2_32.dll
0x00007ffcf8a20000 - 0x00007ffcf8a4b000 	C:\Windows\SYSTEM32\WINMMBASE.dll
0x00007ffcfa7c0000 - 0x00007ffcfa802000 	C:\Windows\System32\cfgmgr32.dll
0x00007ffcec180000 - 0x00007ffcec18f000 	C:\Program Files\Unity\Editor\Data\PlaybackEngines\AndroidPlayer\Tools\OpenJDK\Windows\jre\bin\verify.dll
0x00007ffcdde50000 - 0x00007ffcdde79000 	C:\Program Files\Unity\Editor\Data\PlaybackEngines\AndroidPlayer\Tools\OpenJDK\Windows\jre\bin\java.dll
0x00007ffcdddb0000 - 0x00007ffcdddc6000 	C:\Program Files\Unity\Editor\Data\PlaybackEngines\AndroidPlayer\Tools\OpenJDK\Windows\jre\bin\zip.dll

VM Arguments:
java_command: org.gradle.launcher.GradleMain -Dorg.gradle.jvmargs=-Xmx4096m --stop
java_class_path (initial): C:\Program Files\Unity\Editor\Data\PlaybackEngines\AndroidPlayer\Tools\gradle\lib\gradle-launcher-4.6.jar
Launcher Type: SUN_STANDARD

Environment Variables:
JAVA_HOME=C:\Program Files\Unity\Editor\Data\PlaybackEngines\AndroidPlayer/Tools\OpenJDK\Windows
PATH=C:\Program Files (x86)\Common Files\Oracle\Java\javapath;C:\Windows\system32;C:\Windows;C:\Windows\System32\Wbem;C:\Windows\System32\WindowsPowerShell\v1.0\;C:\Program Files (x86)\NVIDIA Corporation\PhysX\Common;C:\Program Files (x86)\GtkSharp\2.12\bin;C:\Program Files (x86)\Skype\Phone\;E:\matlab\runtime\win64;E:\matlab\bin;C:\Program Files\Git\cmd;C:\Program Files\dotnet\;C:\Program Files\Microsoft SQL Server\130\Tools\Binn\;C:\Program Files (x86)\Gpg4win\..\GnuPG\bin;C:\Users\Lion\AppData\Local\Microsoft\WindowsApps
USERNAME=Lion
OS=Windows_NT
PROCESSOR_IDENTIFIER=AMD64 Family 21 Model 2 Stepping 0, AuthenticAMD



---------------  S Y S T E M  ---------------

OS: Windows 10.0 , 64 bit Build 14393 (10.0.14393.2848)

CPU:total 6 (initial active 6) (6 cores per cpu, 1 threads per core) family 21 model 2 stepping 0, cmov, cx8, fxsr, mmx, sse, sse2, sse3, ssse3, sse4.1, sse4.2, popcnt, avx, aes, clmul, mmxext, 3dnowpref, lzcnt, sse4a, tsc, tscinvbit, tscinv, bmi1

Memory: 4k page, physical 7861812k(1359880k free), swap 22514096k(6192k free)

vm_info: OpenJDK 64-Bit Server VM (25.71-b00) for windows-amd64 JRE (1.8.0-adoptopenjdk-_2018_05_19_00_59-b00), built on May 19 2018 01:02:12 by "jenkins" with MS VC++ 10.0 (VS2010)

time: Sat Mar 23 20:26:21 2019
elapsed time: 0 seconds (0d 0h 0m 0s)

